<?xml version="1.0" encoding="UTF-8"?>
<testng-results ignored="0" total="2" passed="2" failed="0" skipped="0">
  <reporter-output>
  </reporter-output>
  <suite started-at="2024-10-22T18:35:01 IST" name="Suite" finished-at="2024-10-22T18:35:47 IST" duration-ms="46334">
    <groups>
    </groups>
    <test started-at="2024-10-22T18:35:01 IST" name="Test" finished-at="2024-10-22T18:35:47 IST" duration-ms="46334">
      <class name="com.qa.testCases.MerchantGenericNewTestClass">
        <test-method is-config="true" signature="setUp(java.lang.String)[pri:0, instance:com.qa.testCases.MerchantGenericNewTestClass@73eb439a]" started-at="2024-10-22T18:35:01 IST" name="setUp" finished-at="2024-10-22T18:35:04 IST" duration-ms="3309" status="PASS">
          <params>
            <param index="0">
              <value>
                <![CDATA[chrome]]>
              </value>
            </param>
          </params>
          <reporter-output>
          </reporter-output>
        </test-method> <!-- setUp -->
        <test-method signature="launchURL()[pri:0, instance:com.qa.testCases.MerchantGenericNewTestClass@73eb439a]" started-at="2024-10-22T18:35:04 IST" name="launchURL" finished-at="2024-10-22T18:35:06 IST" duration-ms="1804" status="PASS">
          <reporter-output>
          </reporter-output>
        </test-method> <!-- launchURL -->
        <test-method signature="payAmountToMerchant()[pri:1, instance:com.qa.testCases.MerchantGenericNewTestClass@73eb439a]" started-at="2024-10-22T18:35:06 IST" name="payAmountToMerchant" finished-at="2024-10-22T18:35:47 IST" duration-ms="41179" status="PASS">
          <reporter-output>
          </reporter-output>
        </test-method> <!-- payAmountToMerchant -->
      </class> <!-- com.qa.testCases.MerchantGenericNewTestClass -->
    </test> <!-- Test -->
  </suite> <!-- Suite -->
</testng-results>
