<?xml version="1.0" encoding="UTF-8"?>
<!-- Generated by org.testng.reporters.JUnitXMLReporter -->
<testsuite ignored="0" hostname="DESKTOP-RQ8N607" failures="0" tests="2" name="TataPowerMerchant1" time="4.08" errors="0" timestamp="2024-06-03T09:53:40 IST">
  <testcase classname="com.qa.testCases.TataPowerMerchantTestClass" name="openUrl" time="0.0">
    <skipped/>
  </testcase> <!-- openUrl -->
  <testcase classname="com.qa.testCases.TataPowerMerchantTestClass" name="BillPayProcess" time="0.001">
    <skipped/>
  </testcase> <!-- BillPayProcess -->
</testsuite> <!-- TataPowerMerchant1 -->
