<?xml version="1.0" encoding="UTF-8"?>
<!-- Generated by org.testng.reporters.JUnitXMLReporter -->
<testsuite ignored="0" hostname="DESKTOP-RQ8N607" failures="1" tests="1" name="Test2" time="0.009" errors="0" timestamp="2024-04-03T18:05:15 IST">
  <testcase classname="testLayer.TestClass" name="testCase1" time="0.001">
    <failure type="java.lang.NullPointerException">
      <![CDATA[java.lang.NullPointerException
at testLayer.TestClass.testCase1(TestClass.java:26)
at java.base/java.util.ArrayList.forEach(ArrayList.java:1541)
... Removed 27 stack frames]]>
    </failure>
  </testcase> <!-- testCase1 -->
</testsuite> <!-- Test2 -->
